1..50
ok 1 cshell --version matches semver line
ok 2 cshell help exits 0
ok 3 global --no-update-check before help still works
ok 4 cshell docs exits 0 and mentions project docs
ok 5 cshell with no command prints usage and exits 1
ok 6 unknown command prints usage and exits 1
ok 7 config set refreshes ~/.cshell-env-exports.sh (bash 4+)
ok 8 config show masks storage account key
ok 9 backup --dry-run does not create archive
ok 10 backup rejects unknown option
ok 11 tarball gcloud install symlinks launcher into PATH (does not copy it alone)
ok 12 storage account key resolver calls ARM listKeys with curl
ok 13 setup offers gcloud auth login after fresh SDK install
ok 14 hybrid --help prints flag summary and exits 0
ok 15 hybrid -h prints flag summary and exits 0
ok 16 hybrid --check succeeds when all required vars are set
ok 17 hybrid --check omits ANSI escapes when NO_COLOR is set
ok 18 hybrid --check --json prints schema and steps on stdout
ok 19 hybrid --check --strict --json emits strict true in JSON
ok 20 hybrid --check fails when a required var is missing
ok 21 hybrid --check rejects extra arguments
ok 22 hybrid --check --json rejects extra arguments
ok 23 hybrid --check --strict succeeds when checklist has no failures
ok 24 hybrid --check --strict fails when a checklist step fails
ok 25 hybrid --check --strict --json still prints JSON before strict failure
ok 26 hybrid --check --strict rejects extra arguments
ok 27 hybrid --check fails when env file is missing
ok 28 hybrid --check fails when env file is empty
ok 29 hybrid --export refreshes export snippet (bash 4+)
ok 30 hybrid --export --print writes only export lines to stdout (bash 4+)
ok 31 hybrid --export fails when a required var is missing
ok 32 hybrid --export rejects extra arguments
ok 33 hybrid --step requires a number 1-13
ok 34 hybrid --step rejects trailing arguments
ok 35 hybrid --step 1 exits 1 when required vars missing
ok 36 hybrid --step 1 succeeds when all required vars are set
ok 37 hybrid --step 3 uses helm from PATH (stub)
ok 38 hybrid --step 1 fails when env file is missing
ok 39 hybrid --step 2 fails when required Hybrid vars are missing (same gate as --export)
ok 40 hybrid --step 5 validates full env before running (missing DOMAIN)
ok 41 hybrid --step 3 fails when helm is not on PATH
ok 42 hybrid --step 3 fails when helm is below minimum version
ok 43 hybrid --step 8 fails when APIGEE_INSTANCE_ID is missing
ok 44 hybrid --step 8 writes overrides.yaml in non-interactive mode
ok 45 hybrid --step 8 interactive: decline write leaves overrides.yaml absent
ok 46 hybrid --step 8 interactive: confirm write creates overrides.yaml
ok 47 hybrid --step 2 succeeds with full env (smoke, no real cluster)
ok 48 hybrid --step 7 generates non-prod keystore and upserts TLS override paths (openssl)
ok 49 hybrid --step 7 skips auto self-signed when APIGEE_TLS_SKIP_SELF_SIGNED=1
ok 50 hybrid --step 7 does not auto-generate keystore for production-style environment name
